<?xml version="1.0" encoding="UTF-8"?>
<testsuite xmlns:xsi="http://www.w3.org/2001/XMLSchema-instance" xsi:noNamespaceSchemaLocation="https://maven.apache.org/surefire/maven-surefire-plugin/xsd/surefire-test-report-3.0.xsd" version="3.0" name="Cucumber Data Tables implementation practices" time="37.276" tests="4" errors="0" skipped="0" failures="0">
  <properties>
[...]
</properties>
  <testcase name="List of fruits and vegetables I like" classname="Cucumber Data Tables implementation practices" time="9.451">
    <system-out><![CDATA[---> @Before: RUNNING BEFORE EACH SCENARIO
fruitsAndVegetables = [orange, apple, kiwi, strawberry, tomato, pear, eggplant]
apple
---> @After: RUNNING AFTER EACH SCENARIO
]]></system-out>
    <system-err><![CDATA[Jul 09, 2023 2:07:00 AM org.openqa.selenium.manager.SeleniumManager getDriverPath
INFO: Applicable driver not found; attempting to install with Selenium Manager (Beta)
Starting ChromeDriver 114.0.5735.90 (386bc09e8f4f2e025eddae123f36f6263096ae49-refs/branch-heads/5735@{#1052}) on port 21740
Only local connections are allowed.
Please see https://chromedriver.chromium.org/security-considerations for suggestions on keeping ChromeDriver safe.
ChromeDriver was started successfully.
Jul 09, 2023 2:07:07 AM org.openqa.selenium.devtools.CdpVersionFinder findNearestMatch
WARNING: Unable to find an exact match for CDP version 114, so returning the closest version found: 113
]]></system-err>
  </testcase>
  <testcase name="List of pet types I love" classname="Cucumber Data Tables implementation practices" time="5.88">
    <system-out><![CDATA[---> @Before: RUNNING BEFORE EACH SCENARIO
listOfPets = [Kangal, Husky, Golden Retriever, Golden Doodle, Munchkin, Ragdoll cat, Siberian cat]
---> @After: RUNNING AFTER EACH SCENARIO
]]></system-out>
    <system-err><![CDATA[Jul 09, 2023 2:07:09 AM org.openqa.selenium.manager.SeleniumManager getDriverPath
INFO: Applicable driver not found; attempting to install with Selenium Manager (Beta)
Starting ChromeDriver 114.0.5735.90 (386bc09e8f4f2e025eddae123f36f6263096ae49-refs/branch-heads/5735@{#1052}) on port 23582
Only local connections are allowed.
Please see https://chromedriver.chromium.org/security-considerations for suggestions on keeping ChromeDriver safe.
ChromeDriver was started successfully.
Jul 09, 2023 2:07:12 AM org.openqa.selenium.devtools.CdpVersionFinder findNearestMatch
WARNING: Unable to find an exact match for CDP version 114, so returning the closest version found: 113
]]></system-err>
  </testcase>
  <testcase name="Officer reads data about driver" classname="Cucumber Data Tables implementation practices" time="6.615">
    <system-out><![CDATA[---> @Before: RUNNING BEFORE EACH SCENARIO
driverInfo = {name=Jane, surname=Doe, age=29, address=somewhere, state=CA, zipcode=99999, phone=111-1111-1111}
driverInfo.get("name") = Jane
driverInfo.get("address") = somewhere
driverInfo.size() = 7
---> @After: RUNNING AFTER EACH SCENARIO
]]></system-out>
    <system-err><![CDATA[Jul 09, 2023 2:07:15 AM org.openqa.selenium.manager.SeleniumManager getDriverPath
INFO: Applicable driver not found; attempting to install with Selenium Manager (Beta)
Starting ChromeDriver 114.0.5735.90 (386bc09e8f4f2e025eddae123f36f6263096ae49-refs/branch-heads/5735@{#1052}) on port 1184
Only local connections are allowed.
Please see https://chromedriver.chromium.org/security-considerations for suggestions on keeping ChromeDriver safe.
ChromeDriver was started successfully.
Jul 09, 2023 2:07:19 AM org.openqa.selenium.devtools.CdpVersionFinder findNearestMatch
WARNING: Unable to find an exact match for CDP version 114, so returning the closest version found: 113
]]></system-err>
  </testcase>
  <testcase name="User should be able to see all 12 months in months" classname="Cucumber Data Tables implementation practices" time="15.33">
    <system-out><![CDATA[---> @Before: RUNNING BEFORE EACH SCENARIO
---> @After: RUNNING AFTER EACH SCENARIO
]]></system-out>
    <system-err><![CDATA[Jul 09, 2023 2:07:22 AM org.openqa.selenium.manager.SeleniumManager getDriverPath
INFO: Applicable driver not found; attempting to install with Selenium Manager (Beta)
Starting ChromeDriver 114.0.5735.90 (386bc09e8f4f2e025eddae123f36f6263096ae49-refs/branch-heads/5735@{#1052}) on port 25450
Only local connections are allowed.
Please see https://chromedriver.chromium.org/security-considerations for suggestions on keeping ChromeDriver safe.
ChromeDriver was started successfully.
Jul 09, 2023 2:07:25 AM org.openqa.selenium.devtools.CdpVersionFinder findNearestMatch
WARNING: Unable to find an exact match for CDP version 114, so returning the closest version found: 113
]]></system-err>
  </testcase>
</testsuite>